<?xml version="1.0" encoding="UTF-8"?>
<testng-results ignored="0" total="3" passed="2" failed="1" skipped="0">
  <reporter-output>
  </reporter-output>
  <suite started-at="2024-11-23T17:03:26 IST" name="Default suite" finished-at="2024-11-23T17:05:17 IST" duration-ms="111511">
    <groups>
      <group name="cucumber">
        <method signature="AbstractTestNGCucumberTests.runScenario(io.cucumber.testng.PickleWrapper,io.cucumber.testng.FeatureWrapper)[pri:0, instance:com.TextExecutor.TestRunner@158a8276]" name="runScenario" class="io.cucumber.testng.AbstractTestNGCucumberTests"/>
      </group> <!-- cucumber -->
    </groups>
    <test started-at="2024-11-23T17:03:26 IST" name="Default test" finished-at="2024-11-23T17:05:17 IST" duration-ms="111511">
      <class name="com.TextExecutor.TestRunner">
        <test-method is-config="true" signature="beforeSuite()[pri:0, instance:com.TextExecutor.TestRunner@158a8276]" started-at="2024-11-23T17:03:26 IST" name="beforeSuite" finished-at="2024-11-23T17:03:26 IST" duration-ms="7" status="PASS">
          <reporter-output>
          </reporter-output>
        </test-method> <!-- beforeSuite -->
        <test-method is-config="true" signature="setUpClass(org.testng.ITestContext)[pri:0, instance:com.TextExecutor.TestRunner@158a8276]" started-at="2024-11-23T17:03:26 IST" name="setUpClass" finished-at="2024-11-23T17:03:27 IST" duration-ms="787" status="PASS">
          <params>
            <param index="0">
              <value>
                <![CDATA[org.testng.TestRunner@1200458e]]>
              </value>
            </param>
          </params>
          <reporter-output>
          </reporter-output>
        </test-method> <!-- setUpClass -->
        <test-method signature="runScenario(io.cucumber.testng.PickleWrapper,io.cucumber.testng.FeatureWrapper)[pri:0, instance:com.TextExecutor.TestRunner@158a8276]" started-at="2024-11-23T17:03:27 IST" name="runScenario" description="Runs Cucumber Scenarios" data-provider="scenarios" finished-at="2024-11-23T17:04:34 IST" duration-ms="67028" status="PASS">
          <params>
            <param index="0">
              <value>
                <![CDATA["Validate the BestSeller page"]]>
              </value>
            </param>
            <param index="1">
              <value>
                <![CDATA["As a tester I want to validate the  BestSeller"]]>
              </value>
            </param>
          </params>
          <reporter-output>
          </reporter-output>
        </test-method> <!-- runScenario -->
        <test-method signature="runScenario(io.cucumber.testng.PickleWrapper,io.cucumber.testng.FeatureWrapper)[pri:0, instance:com.TextExecutor.TestRunner@158a8276]" started-at="2024-11-23T17:03:27 IST" name="runScenario" description="Runs Cucumber Scenarios" data-provider="scenarios" finished-at="2024-11-23T17:05:15 IST" duration-ms="108705" status="PASS">
          <params>
            <param index="0">
              <value>
                <![CDATA["Validate zoom in of search product"]]>
              </value>
            </param>
            <param index="1">
              <value>
                <![CDATA["As a tester I want to validate the  Amazon Application"]]>
              </value>
            </param>
          </params>
          <reporter-output>
          </reporter-output>
        </test-method> <!-- runScenario -->
        <test-method signature="runScenario(io.cucumber.testng.PickleWrapper,io.cucumber.testng.FeatureWrapper)[pri:0, instance:com.TextExecutor.TestRunner@158a8276]" started-at="2024-11-23T17:03:27 IST" name="runScenario" description="Runs Cucumber Scenarios" data-provider="scenarios" finished-at="2024-11-23T17:03:43 IST" duration-ms="16278" status="FAIL">
          <params>
            <param index="0">
              <value>
                <![CDATA["Validate the add to cart of the product"]]>
              </value>
            </param>
            <param index="1">
              <value>
                <![CDATA["As a tester I want to validate the  Amazon Application"]]>
              </value>
            </param>
          </params>
          <exception class="java.lang.IndexOutOfBoundsException">
            <message>
              <![CDATA[Index 1 out of bounds for length 1]]>
            </message>
            <full-stacktrace>
              <![CDATA[java.lang.IndexOutOfBoundsException: Index 1 out of bounds for length 1
at java.base/jdk.internal.util.Preconditions.outOfBounds(Preconditions.java:64)
at java.base/jdk.internal.util.Preconditions.outOfBoundsCheckIndex(Preconditions.java:70)
at java.base/jdk.internal.util.Preconditions.checkIndex(Preconditions.java:266)
at java.base/java.util.Objects.checkIndex(Objects.java:359)
at java.base/java.util.ArrayList.get(ArrayList.java:427)
at com.Utilities.ReusableUtils.switchToWindowUsingIndex(ReusableUtils.java:343)
at com.Pages.AmazonLoginPage.clkOnsearchedMobile(AmazonLoginPage.java:38)
at com.StepDefinitions.AmazonLoginPageDefs.click_on_the_searched_product(AmazonLoginPageDefs.java:32)
at ✽.Click on the searched product(file:///D:/Eclispseworkspace/AmazonProjectCucumberBdd/src/test/resources/Features/ShoppingProduct.feature:15)
]]>
            </full-stacktrace>
          </exception> <!-- java.lang.IndexOutOfBoundsException -->
          <reporter-output>
          </reporter-output>
        </test-method> <!-- runScenario -->
        <test-method is-config="true" signature="tearDownClass()[pri:0, instance:com.TextExecutor.TestRunner@158a8276]" started-at="2024-11-23T17:05:15 IST" name="tearDownClass" finished-at="2024-11-23T17:05:17 IST" duration-ms="1990" status="PASS">
          <reporter-output>
          </reporter-output>
        </test-method> <!-- tearDownClass -->
      </class> <!-- com.TextExecutor.TestRunner -->
    </test> <!-- Default test -->
  </suite> <!-- Default suite -->
</testng-results>
