<?xml version="1.0" encoding="UTF-8"?>
<!-- Generated by org.testng.reporters.JUnitReportReporter -->
<testsuite hostname="MdKhaja" failures="0" tests="3" name="com.TextExecutor.TestRunner" time="192.011" errors="1" timestamp="2024-11-23T17:05:17 IST" skipped="0">
  <testcase classname="com.TextExecutor.TestRunner" name="runScenario" time="67.028"/>
  <system-out/>
  <testcase classname="com.TextExecutor.TestRunner" name="runScenario" time="108.705"/>
  <system-out/>
  <testcase classname="com.TextExecutor.TestRunner" name="runScenario" time="16.278">
    <error message="Index 1 out of bounds for length 1" type="java.lang.IndexOutOfBoundsException">
      <![CDATA[java.lang.IndexOutOfBoundsException: Index 1 out of bounds for length 1
at java.base/jdk.internal.util.Preconditions.outOfBounds(Preconditions.java:64)
at java.base/jdk.internal.util.Preconditions.outOfBoundsCheckIndex(Preconditions.java:70)
at java.base/jdk.internal.util.Preconditions.checkIndex(Preconditions.java:266)
at java.base/java.util.Objects.checkIndex(Objects.java:359)
at java.base/java.util.ArrayList.get(ArrayList.java:427)
at com.Utilities.ReusableUtils.switchToWindowUsingIndex(ReusableUtils.java:343)
at com.Pages.AmazonLoginPage.clkOnsearchedMobile(AmazonLoginPage.java:38)
at com.StepDefinitions.AmazonLoginPageDefs.click_on_the_searched_product(AmazonLoginPageDefs.java:32)
at ✽.Click on the searched product(file:///D:/Eclispseworkspace/AmazonProjectCucumberBdd/src/test/resources/Features/ShoppingProduct.feature:15)
]]>
    </error>
  </testcase> <!-- runScenario -->
  <system-out/>
</testsuite> <!-- com.TextExecutor.TestRunner -->
